{"numFailedTestSuites":0,"numFailedTests":0,"numPassedTestSuites":1,"numPassedTests":3,"numPendingTestSuites":0,"numPendingTests":0,"numRuntimeErrorTestSuites":0,"numTodoTests":0,"numTotalTestSuites":1,"numTotalTests":3,"openHandles":[],"snapshot":{"added":1,"didUpdate":false,"failure":false,"filesAdded":1,"filesRemoved":0,"filesRemovedList":[],"filesUnmatched":0,"filesUpdated":0,"matched":0,"total":1,"unchecked":0,"uncheckedKeysByFile":[],"unmatched":0,"updated":0},"startTime":1622165707396,"success":true,"testResults":[{"assertionResults":[{"ancestorTitles":["<Button />"],"failureMessages":[],"fullName":"<Button /> can perform a shallow render","location":null,"status":"passed","title":"can perform a shallow render"},{"ancestorTitles":["<Button />"],"failureMessages":[],"fullName":"<Button /> will render correctly with minimum properties","location":null,"status":"passed","title":"will render correctly with minimum properties"},{"ancestorTitles":["<Button />"],"failureMessages":[],"fullName":"<Button /> can match snapshot for a shallow render","location":null,"status":"passed","title":"can match snapshot for a shallow render"}],"endTime":1622165708022,"message":"","name":"/Users/igorszyporyn/MyGit/badger-ui/src/components/ui/Button/Button.test.tsx","startTime":1622165707584,"status":"passed","summary":""}],"wasInterrupted":false}